{
  "stats": {
    "suites": 2,
    "tests": 2,
    "passes": 2,
    "pending": 0,
    "failures": 0,
    "start": "2024-08-07T09:37:25.223Z",
    "end": "2024-08-07T09:37:34.576Z",
    "duration": 9353,
    "testsRegistered": 2,
    "passPercent": 100,
    "pendingPercent": 0,
    "other": 0,
    "hasOther": false,
    "skipped": 0,
    "hasSkipped": false
  },
  "results": [
    {
      "uuid": "2486e043-aa9c-484e-aabd-a9f7a7e0303b",
      "title": "",
      "fullFile": "cypress\\e2e\\HomePage.cy.js",
      "file": "cypress\\e2e\\HomePage.cy.js",
      "beforeHooks": [],
      "afterHooks": [],
      "tests": [],
      "suites": [
        {
          "uuid": "49b91008-a1f5-417e-bbfe-090866b0ec21",
          "title": "Search Properties",
          "fullFile": "",
          "file": "",
          "beforeHooks": [],
          "afterHooks": [],
          "tests": [],
          "suites": [
            {
              "uuid": "28492b81-be60-4876-a65e-b6fd21a25db7",
              "title": "Search properties - MidlandHeart",
              "fullFile": "",
              "file": "",
              "beforeHooks": [],
              "afterHooks": [],
              "tests": [
                {
                  "title": "verify search results in the homepage",
                  "fullTitle": "Search Properties Search properties - MidlandHeart verify search results in the homepage",
                  "timedOut": null,
                  "duration": 6356,
                  "state": "passed",
                  "speed": "medium",
                  "pass": true,
                  "fail": false,
                  "pending": false,
                  "context": null,
                  "code": "cy.get('[id=\"MidlandHeartWeb_Theme_wt209_block_OutSystemsUIWeb_wt2_block_wtContent_wtMainContent_OutSystemsUIWeb_wt83_block_wtContent_OutSystemsUIWeb_wt174_block_wtInput\"]').find('input').type('B1{enter}', {\n  force: true\n}); // search for 'B1'\ncy.get('[id=\"MidlandHeartWeb_Theme_wt241_block_OutSystemsUIWeb_wt2_block_wtContent_wtSubHeader_OutSystemsUIWeb_wt80_block_wtColumn2_WebPatterns_wt369_block_wtCell1\"]').click(); // Clicks the filter\ncy.get('[id=\"MidlandHeartWeb_Theme_wt241_block_OutSystemsUIWeb_wt2_block_wtContent_wtFooter_OutSystemsUIWeb_wtMobileFiltersSidebar_block_wtContent_OutSystemsUIWeb_wt213_block_wtButtonDropdownWrapper\"]').click(); // clicks distance dropdown\ncy.get('[class=\"margin-left-s text-neutral-10\"]').eq(3).click({\n  force: true\n}); //Clicks 10 miles\ncy.get('[id=\"MidlandHeartWeb_Theme_wt241_block_OutSystemsUIWeb_wt2_block_wtContent_wtFooter_OutSystemsUIWeb_wtMobileFiltersSidebar_block_wtContent_OutSystemsUIWeb_wt12_block_wtPrompt\"]').click(); //clicks Max beds dropdown\ncy.get('[class=\"text-align-left text-neutral-10\"]').eq(12).click({\n  force: true\n}); //clicks number of beds\ncy.get('[id=\"MidlandHeartWeb_Theme_wt241_block_OutSystemsUIWeb_wt2_block_wtContent_wtSubHeader_OutSystemsUIWeb_wt64_block_wtContent_OutSystemsUIWeb_wt29_block_wtColumn2_wtListPropertyTypesFilter_ctl02_OutSystemsUIWeb_wt170_block_wtContent_wt36\"]').click(); // Select Flat property type\ncy.get('[class=\"noUi-handle noUi-handle-upper\"]').invoke('attr', 'aria-valuetext', '200').should('have.attr', 'aria-valuetext', '200'); // Sets the price range to 200\ncy.get('[id=\"MidlandHeartWeb_Theme_wt241_block_OutSystemsUIWeb_wt2_block_wtContent_wtFooter_OutSystemsUIWeb_wtMobileFiltersSidebar_block_wtContent_OutSystemsUIWeb_wt193_block_wtColumn2_wt353\"]').click(); // Clicks Apply Filters\ncy.contains(propertyfound).should('exist'); // properties found",
                  "err": {},
                  "uuid": "d721b03d-edc6-443d-b118-180d47265f57",
                  "parentUUID": "28492b81-be60-4876-a65e-b6fd21a25db7",
                  "isHook": false,
                  "skipped": false
                },
                {
                  "title": "verify results in the search page",
                  "fullTitle": "Search Properties Search properties - MidlandHeart verify results in the search page",
                  "timedOut": null,
                  "duration": 2741,
                  "state": "passed",
                  "speed": "fast",
                  "pass": true,
                  "fail": false,
                  "pending": false,
                  "context": null,
                  "code": "cy.visit('https://homes.midlandheart.org.uk/Searching.aspx');\ncy.get('[id=\"MidlandHeartWeb_Theme_wt38_block_OutSystemsUIWeb_wt2_block_wtContent_wtMainContent_OutSystemsUIWeb_wt50_block_wtContent_OutSystemsUIWeb_wt6_block_wtInput\"]').find('input').type('B1{enter}', {\n  force: true\n}); // search for 'B1'\ncy.get('[id=\"MidlandHeartWeb_Theme_wt241_block_OutSystemsUIWeb_wt2_block_wtContent_wtSubHeader_OutSystemsUIWeb_wt80_block_wtColumn2_WebPatterns_wt369_block_wtCell1\"]').click(); // Clicks the filter\ncy.get('[id=\"MidlandHeartWeb_Theme_wt241_block_OutSystemsUIWeb_wt2_block_wtContent_wtFooter_OutSystemsUIWeb_wtMobileFiltersSidebar_block_wtContent_OutSystemsUIWeb_wt213_block_wtButtonDropdownWrapper\"]').click(); // clicks distance dropdown\ncy.get('[class=\"margin-left-s text-neutral-10\"]').eq(3).click({\n  force: true\n}); //Clicks 10 miles\ncy.get('[id=\"MidlandHeartWeb_Theme_wt241_block_OutSystemsUIWeb_wt2_block_wtContent_wtFooter_OutSystemsUIWeb_wtMobileFiltersSidebar_block_wtContent_OutSystemsUIWeb_wt12_block_wtPrompt\"]').click(); //clicks Max beds dropdown\ncy.get('[class=\"text-align-left text-neutral-10\"]').eq(12).click({\n  force: true\n}); //clicks number of beds\ncy.get('[id=\"MidlandHeartWeb_Theme_wt241_block_OutSystemsUIWeb_wt2_block_wtContent_wtSubHeader_OutSystemsUIWeb_wt64_block_wtContent_OutSystemsUIWeb_wt29_block_wtColumn2_wtListPropertyTypesFilter_ctl02_OutSystemsUIWeb_wt170_block_wtContent_wt36\"]').click(); // Select Flat property type\ncy.get('[class=\"noUi-handle noUi-handle-upper\"]').invoke('attr', 'aria-valuetext', '200').should('have.attr', 'aria-valuetext', '200'); // Sets the price range to 200\ncy.get('[id=\"MidlandHeartWeb_Theme_wt241_block_OutSystemsUIWeb_wt2_block_wtContent_wtFooter_OutSystemsUIWeb_wtMobileFiltersSidebar_block_wtContent_OutSystemsUIWeb_wt193_block_wtColumn2_wt353\"]').click(); // Clicks Apply Filters\ncy.contains(propertyfound).should('exist'); // properties found",
                  "err": {},
                  "uuid": "92ad5655-ff64-452c-9ced-a6ab53d3e34d",
                  "parentUUID": "28492b81-be60-4876-a65e-b6fd21a25db7",
                  "isHook": false,
                  "skipped": false
                }
              ],
              "suites": [],
              "passes": [
                "d721b03d-edc6-443d-b118-180d47265f57",
                "92ad5655-ff64-452c-9ced-a6ab53d3e34d"
              ],
              "failures": [],
              "pending": [],
              "skipped": [],
              "duration": 9097,
              "root": false,
              "rootEmpty": false,
              "_timeout": 2000
            }
          ],
          "passes": [],
          "failures": [],
          "pending": [],
          "skipped": [],
          "duration": 0,
          "root": false,
          "rootEmpty": false,
          "_timeout": 2000
        }
      ],
      "passes": [],
      "failures": [],
      "pending": [],
      "skipped": [],
      "duration": 0,
      "root": true,
      "rootEmpty": true,
      "_timeout": 2000
    }
  ],
  "meta": {
    "mocha": {
      "version": "7.0.1"
    },
    "mochawesome": {
      "options": {
        "quiet": false,
        "reportFilename": "mochawesome",
        "saveHtml": false,
        "saveJson": true,
        "consoleReporter": "spec",
        "useInlineDiffs": false,
        "code": true
      },
      "version": "7.1.3"
    },
    "marge": {
      "options": {
        "reportDir": "cypress/results",
        "overwrite": false,
        "html": false,
        "json": true
      },
      "version": "6.2.0"
    }
  }
}