{
  "stats": {
    "suites": 2,
    "tests": 1,
    "passes": 1,
    "pending": 0,
    "failures": 0,
    "start": "2024-08-03T20:28:52.528Z",
    "end": "2024-08-03T20:28:58.879Z",
    "duration": 6351,
    "testsRegistered": 1,
    "passPercent": 100,
    "pendingPercent": 0,
    "other": 0,
    "hasOther": false,
    "skipped": 0,
    "hasSkipped": false
  },
  "results": [
    {
      "uuid": "19fa0c88-d5f6-4064-b54b-8339645c7580",
      "title": "",
      "fullFile": "cypress\\e2e\\HomePage.cy.js",
      "file": "cypress\\e2e\\HomePage.cy.js",
      "beforeHooks": [],
      "afterHooks": [],
      "tests": [],
      "suites": [
        {
          "uuid": "9f434b42-49c7-43d7-84f9-a0fd3ece9a85",
          "title": "Search Properties",
          "fullFile": "",
          "file": "",
          "beforeHooks": [],
          "afterHooks": [],
          "tests": [],
          "suites": [
            {
              "uuid": "c7d2d971-f7e3-4bf9-8d08-d5615f0da5b0",
              "title": "Search properties",
              "fullFile": "",
              "file": "",
              "beforeHooks": [],
              "afterHooks": [],
              "tests": [
                {
                  "title": "verify search results",
                  "fullTitle": "Search Properties Search properties verify search results",
                  "timedOut": null,
                  "duration": 6258,
                  "state": "passed",
                  "speed": "medium",
                  "pass": true,
                  "fail": false,
                  "pending": false,
                  "context": null,
                  "code": "cy.get('[id=\"MidlandHeartWeb_Theme_wt209_block_OutSystemsUIWeb_wt2_block_wtContent_wtMainContent_OutSystemsUIWeb_wt83_block_wtContent_OutSystemsUIWeb_wt174_block_wtInput\"]').find('input').type('B1{enter}', {\n  force: true\n}); // search for 'B1'\ncy.get('[id=\"MidlandHeartWeb_Theme_wt241_block_OutSystemsUIWeb_wt2_block_wtContent_wtSubHeader_OutSystemsUIWeb_wt80_block_wtColumn2_WebPatterns_wt369_block_wtCell1\"]').click(); // Clicks the filter\ncy.get('[id=\"MidlandHeartWeb_Theme_wt241_block_OutSystemsUIWeb_wt2_block_wtContent_wtFooter_OutSystemsUIWeb_wtMobileFiltersSidebar_block_wtContent_OutSystemsUIWeb_wt213_block_wtButtonDropdownWrapper\"]').click(); // clicks distance dropdown\ncy.get('[class=\"margin-left-s text-neutral-10\"]').eq(3).click({\n  force: true\n}); //Clicks 10 miles\ncy.get('[id=\"MidlandHeartWeb_Theme_wt241_block_OutSystemsUIWeb_wt2_block_wtContent_wtFooter_OutSystemsUIWeb_wtMobileFiltersSidebar_block_wtContent_OutSystemsUIWeb_wt12_block_wtPrompt\"]').click(); //clicks Max beds dropdown\ncy.get('[class=\"text-align-left text-neutral-10\"]').eq(12).click({\n  force: true\n}); //clicks number of beds\ncy.get('[id=\"MidlandHeartWeb_Theme_wt241_block_OutSystemsUIWeb_wt2_block_wtContent_wtSubHeader_OutSystemsUIWeb_wt64_block_wtContent_OutSystemsUIWeb_wt29_block_wtColumn2_wtListPropertyTypesFilter_ctl02_OutSystemsUIWeb_wt170_block_wtContent_wt36\"]').click(); // Select Flat property type\ncy.get('[class=\"noUi-handle noUi-handle-upper\"]').invoke('attr', 'aria-valuetext', '200').should('have.attr', 'aria-valuetext', '200'); // Sets the price range to 200\ncy.get('[id=\"MidlandHeartWeb_Theme_wt241_block_OutSystemsUIWeb_wt2_block_wtContent_wtFooter_OutSystemsUIWeb_wtMobileFiltersSidebar_block_wtContent_OutSystemsUIWeb_wt193_block_wtColumn2_wt353\"]').click(); // Clicks Apply Filters\ncy.contains('properties found').should('exist'); // properties found",
                  "err": {},
                  "uuid": "28318418-4b35-4abb-bbe6-90b1a32d3509",
                  "parentUUID": "c7d2d971-f7e3-4bf9-8d08-d5615f0da5b0",
                  "isHook": false,
                  "skipped": false
                }
              ],
              "suites": [],
              "passes": [
                "28318418-4b35-4abb-bbe6-90b1a32d3509"
              ],
              "failures": [],
              "pending": [],
              "skipped": [],
              "duration": 6258,
              "root": false,
              "rootEmpty": false,
              "_timeout": 2000
            }
          ],
          "passes": [],
          "failures": [],
          "pending": [],
          "skipped": [],
          "duration": 0,
          "root": false,
          "rootEmpty": false,
          "_timeout": 2000
        }
      ],
      "passes": [],
      "failures": [],
      "pending": [],
      "skipped": [],
      "duration": 0,
      "root": true,
      "rootEmpty": true,
      "_timeout": 2000
    }
  ],
  "meta": {
    "mocha": {
      "version": "7.0.1"
    },
    "mochawesome": {
      "options": {
        "quiet": false,
        "reportFilename": "mochawesome",
        "saveHtml": false,
        "saveJson": true,
        "consoleReporter": "spec",
        "useInlineDiffs": false,
        "code": true
      },
      "version": "7.1.3"
    },
    "marge": {
      "options": {
        "reportDir": "cypress/results",
        "overwrite": false,
        "html": false,
        "json": true
      },
      "version": "6.2.0"
    }
  }
}